{
  "stats": {
    "suites": 1,
    "tests": 1,
    "passes": 1,
    "pending": 0,
    "failures": 0,
    "start": "2024-09-30T13:08:01.213Z",
    "end": "2024-09-30T13:08:07.372Z",
    "duration": 6159,
    "testsRegistered": 1,
    "passPercent": 100,
    "pendingPercent": 0,
    "other": 0,
    "hasOther": false,
    "skipped": 0,
    "hasSkipped": false
  },
  "results": [
    {
      "uuid": "7b85bf7d-4b7b-4d0e-a6be-e408b39d86a9",
      "title": "",
      "fullFile": "cypress\\e2e\\saucedemo.cy.js",
      "file": "cypress\\e2e\\saucedemo.cy.js",
      "beforeHooks": [],
      "afterHooks": [],
      "tests": [],
      "suites": [
        {
          "uuid": "a7fbde6c-3dd1-485a-a779-a5d12e7cf458",
          "title": "Compra en saucedemo",
          "fullFile": "",
          "file": "",
          "beforeHooks": [],
          "afterHooks": [],
          "tests": [
            {
              "title": "Comprar varios articulos",
              "fullTitle": "Compra en saucedemo Comprar varios articulos",
              "timedOut": null,
              "duration": 6043,
              "state": "passed",
              "speed": "medium",
              "pass": true,
              "fail": false,
              "pending": false,
              "context": null,
              "code": "cy.agregarProductosCarrito();\ncy.carrito();\ncy.checkout();\ncy.validarCompra();",
              "err": {},
              "uuid": "ca3eec3d-1d38-4956-ab4c-54c224bf2320",
              "parentUUID": "a7fbde6c-3dd1-485a-a779-a5d12e7cf458",
              "isHook": false,
              "skipped": false
            }
          ],
          "suites": [],
          "passes": [
            "ca3eec3d-1d38-4956-ab4c-54c224bf2320"
          ],
          "failures": [],
          "pending": [],
          "skipped": [],
          "duration": 6043,
          "root": false,
          "rootEmpty": false,
          "_timeout": 2000
        }
      ],
      "passes": [],
      "failures": [],
      "pending": [],
      "skipped": [],
      "duration": 0,
      "root": true,
      "rootEmpty": true,
      "_timeout": 2000
    }
  ],
  "meta": {
    "mocha": {
      "version": "7.0.1"
    },
    "mochawesome": {
      "options": {
        "quiet": false,
        "reportFilename": "mochawesome",
        "saveHtml": true,
        "saveJson": true,
        "consoleReporter": "spec",
        "useInlineDiffs": false,
        "code": true
      },
      "version": "7.1.3"
    },
    "marge": {
      "options": {
        "charts": true,
        "reportPageTitle": "Reporte test saucedemo",
        "embeddedScreenshots": true,
        "inlineAssets": true,
        "saveAllAttempts": false
      },
      "version": "6.2.0"
    }
  }
}